<?xml version="1.0" encoding="utf-8"?><testsuites name="pytest tests"><testsuite name="pytest" errors="0" failures="0" skipped="0" tests="21" time="4.304" timestamp="2026-09-16T06:29:55.773686+00:00" hostname="agent-env-c62597cb-bd0d-4621-8430-b81706fe5646"><testcase classname="tests.test_family_profiles.TestFamilyEndpointsAuth" name="test_list_family_no_bearer_401" time="0.281" /><testcase classname="tests.test_family_profiles.TestFamilyEndpointsAuth" name="test_post_family_no_bearer_401" time="0.097" /><testcase classname="tests.test_family_profiles.TestFamilyEndpointsAuth" name="test_patch_family_no_bearer_401" time="0.216" /><testcase classname="tests.test_family_profiles.TestFamilyEndpointsAuth" name="test_delete_family_no_bearer_401" time="0.074" /><testcase classname="tests.test_family_profiles.TestFamilyEndpointsAuth" name="test_doctor_cannot_list_family_403" time="0.172" /><testcase classname="tests.test_family_profiles.TestFamilyEndpointsAuth" name="test_doctor_cannot_create_family_403" time="0.076" /><testcase classname="tests.test_family_profiles.TestFamilyCRUD" name="test_list_family_initially_empty" time="0.152" /><testcase classname="tests.test_family_profiles.TestFamilyCRUD" name="test_create_family_generates_unique_uhid" time="0.198" /><testcase classname="tests.test_family_profiles.TestFamilyCRUD" name="test_multiple_family_members_have_distinct_uhids" time="0.302" /><testcase classname="tests.test_family_profiles.TestFamilyCRUD" name="test_patch_family_updates_fields" time="0.203" /><testcase classname="tests.test_family_profiles.TestFamilyCRUD" name="test_patch_family_unknown_id_404" time="0.151" /><testcase classname="tests.test_family_profiles.TestFamilyCRUD" name="test_patch_family_of_another_user_404" time="0.280" /><testcase classname="tests.test_family_profiles.TestFamilyCRUD" name="test_delete_family_removes_member" time="0.310" /><testcase classname="tests.test_family_profiles.TestFamilyCRUD" name="test_delete_family_unknown_404" time="0.153" /><testcase classname="tests.test_family_profiles.TestAppointmentsWithFamily" name="test_appointment_with_family_member_populates_fields" time="0.228" /><testcase classname="tests.test_family_profiles.TestAppointmentsWithFamily" name="test_appointment_without_family_member_null_fields" time="0.125" /><testcase classname="tests.test_family_profiles.TestAppointmentsWithFamily" name="test_appointment_with_unknown_family_member_404" time="0.130" /><testcase classname="tests.test_family_profiles.TestFilesWithFamily" name="test_upload_with_family_member" time="0.524" /><testcase classname="tests.test_family_profiles.TestFilesWithFamily" name="test_upload_with_unknown_family_member_404" time="0.152" /><testcase classname="tests.test_family_profiles.TestDoctorPatientDetailFamily" name="test_patient_detail_includes_empty_family" time="0.119" /><testcase classname="tests.test_family_profiles.TestDoctorPatientDetailFamily" name="test_patient_detail_includes_family_members" time="0.304" /></testsuite></testsuites>