<?xml version="1.0" encoding="utf-8"?><testsuites name="pytest tests"><testsuite name="pytest" errors="0" failures="2" skipped="0" tests="114" time="9.337" timestamp="2026-09-21T10:17:19.495942+00:00" hostname="agent-env-c62597cb-bd0d-4621-8430-b81706fe5646"><testcase classname="tests.test_agrawal_homeo_backend.TestFiles" name="test_upload_file_patient" time="0.555" /><testcase classname="tests.test_reminders.TestRemindersCRUD" name="test_fresh_account_returns_empty" time="0.309" /><testcase classname="tests.test_reminders.TestRemindersCRUD" name="test_create_reminder_returns_full_object" time="0.130" /><testcase classname="tests.test_reminders.TestRemindersCRUD" name="test_create_with_all_kinds" time="0.252" /><testcase classname="tests.test_agrawal_homeo_backend.TestFiles" name="test_doctor_cannot_upload_403" time="0.186" /><testcase classname="tests.test_reminders.TestRemindersCRUD" name="test_create_with_family_member_populates_name" time="0.107" /><testcase classname="tests.test_agrawal_homeo_backend.TestFiles" name="test_files_mine_patient" time="0.056" /><testcase classname="tests.test_agrawal_homeo_backend.TestFiles" name="test_files_mine_doctor_sees_all" time="0.058" /><testcase classname="tests.test_agrawal_homeo_backend.TestFiles" name="test_files_for_patient_doctor" time="0.051" /><testcase classname="tests.test_agrawal_homeo_backend.TestFiles" name="test_files_for_patient_not_allowed_for_patient" time="0.057" /><testcase classname="tests.test_reminders.TestRemindersCRUD" name="test_create_with_foreign_family_member_returns_404" time="0.288" /><testcase classname="tests.test_agrawal_homeo_backend.TestFiles" name="test_file_content_owner" time="0.285" /><testcase classname="tests.test_reminders.TestRemindersCRUD" name="test_toggle_completed" time="0.279" /><testcase classname="tests.test_agrawal_homeo_backend.TestFiles" name="test_file_content_doctor" time="0.332" /><testcase classname="tests.test_reminders.TestRemindersCRUD" name="test_patch_unknown_returns_404" time="0.076" /><testcase classname="tests.test_reminders.TestRemindersCRUD" name="test_patch_other_users_reminder_returns_404" time="0.103" /><testcase classname="tests.test_reminders.TestRemindersCRUD" name="test_delete_reminder_and_second_delete_404" time="0.205" /><testcase classname="tests.test_agrawal_homeo_backend.TestFiles" name="test_patch_file_reply_doctor" time="0.077" /><testcase classname="tests.test_agrawal_homeo_backend.TestFiles" name="test_patch_file_reply_by_patient_forbidden" time="0.044" /><testcase classname="tests.test_reminders.TestRemindersAccessControl" name="test_doctor_get_rejected_403" time="0.041" /><testcase classname="tests.test_reminders.TestRemindersAccessControl" name="test_doctor_post_rejected_403" time="0.072" /><testcase classname="tests.test_reminders.TestRemindersCRUD" name="test_delete_other_users_reminder_returns_404" time="0.162" /><testcase classname="tests.test_reminders.TestRemindersAccessControl" name="test_doctor_patch_rejected_403" time="0.043" /><testcase classname="tests.test_reminders.TestRemindersAccessControl" name="test_doctor_delete_rejected_403" time="0.072" /><testcase classname="tests.test_reminders.TestRemindersAccessControl" name="test_missing_auth_get_returns_401" time="0.070" /><testcase classname="tests.test_reminders.TestRemindersAccessControl" name="test_missing_auth_post_returns_401" time="0.035" /><testcase classname="tests.test_reminders.TestRemindersAccessControl" name="test_missing_auth_patch_returns_401" time="0.072" /><testcase classname="tests.test_reminders.TestRemindersAccessControl" name="test_missing_auth_delete_returns_401" time="0.077" /><testcase classname="tests.test_agrawal_homeo_backend.TestAppointments" name="test_create_appointment_patient" time="0.273" /><testcase classname="tests.test_agrawal_homeo_backend.TestAppointments" name="test_create_appointment_unknown_doctor_404" time="0.050" /><testcase classname="tests.test_reminders.TestRemindersAccessControl" name="test_invalid_token_returns_401" time="0.059" /><testcase classname="tests.test_agrawal_homeo_backend.TestAppointments" name="test_doctor_cannot_create_appointment_403" time="0.044" /><testcase classname="tests.test_family_profiles.TestFamilyCRUD" name="test_list_family_initially_empty" time="0.184" /><testcase classname="tests.test_agrawal_homeo_backend.TestAppointments" name="test_appointments_mine_patient" time="0.049" /><testcase classname="tests.test_agrawal_homeo_backend.TestAppointments" name="test_appointments_mine_doctor" time="0.050" /><testcase classname="tests.test_agrawal_homeo_backend.TestAppointments" name="test_get_appointment_permission" time="0.107" /><testcase classname="tests.test_family_profiles.TestFamilyCRUD" name="test_create_family_generates_unique_uhid" time="0.176" /><testcase classname="tests.test_agrawal_homeo_backend.TestAppointments" name="test_get_appointment_forbidden_for_other_patient" time="0.168" /><testcase classname="tests.test_family_profiles.TestFamilyCRUD" name="test_multiple_family_members_have_distinct_uhids" time="0.279" /><testcase classname="tests.test_agrawal_homeo_backend.TestAppointments" name="test_patch_appointment_doctor" time="0.052" /><testcase classname="tests.test_agrawal_homeo_backend.TestAppointments" name="test_patch_appointment_by_patient_forbidden" time="0.069" /><testcase classname="tests.test_family_profiles.TestFamilyCRUD" name="test_patch_family_updates_fields" time="0.190" /><testcase classname="tests.test_chat_messages.TestChatAccessControl" name="test_unknown_appointment_get_404" time="0.254" /><testcase classname="tests.test_chat_messages.TestChatAccessControl" name="test_unknown_appointment_post_404" time="0.082" /><testcase classname="tests.test_family_profiles.TestFamilyCRUD" name="test_patch_family_unknown_id_404" time="0.169" /><testcase classname="tests.test_family_profiles.TestFamilyCRUD" name="test_patch_family_of_another_user_404" time="0.310" /><testcase classname="tests.test_chat_messages.TestChatAccessControl" name="test_non_participant_get_403" time="0.317" /><testcase classname="tests.test_chat_messages.TestChatAccessControl" name="test_non_participant_post_403" time="0.076" /><testcase classname="tests.test_chat_messages.TestChatAccessControl" name="test_unauthorized_get_messages_401" time="0.071" /><testcase classname="tests.test_family_profiles.TestFamilyCRUD" name="test_delete_family_removes_member" time="0.261" /><testcase classname="tests.test_chat_messages.TestChatAccessControl" name="test_unauthorized_post_messages_401" time="0.076" /><testcase classname="tests.test_chat_messages.TestChatAccessControl" name="test_unauthorized_unread_401" time="0.036" /><testcase classname="tests.test_agrawal_homeo_backend.TestUnauthorized" name="test_no_bearer_returns_401[GET-/auth/me]" time="0.090" /><testcase classname="tests.test_agrawal_homeo_backend.TestUnauthorized" name="test_no_bearer_returns_401[POST-/appointments]" time="0.179" /><testcase classname="tests.test_family_profiles.TestFamilyCRUD" name="test_delete_family_unknown_404" time="0.080" /><testcase classname="tests.test_family_profiles.TestFamilyEndpointsAuth" name="test_list_family_no_bearer_401" time="0.114" /><testcase classname="tests.test_agrawal_homeo_backend.TestUnauthorized" name="test_no_bearer_returns_401[GET-/appointments/mine]" time="0.125" /><testcase classname="tests.test_family_profiles.TestFamilyEndpointsAuth" name="test_post_family_no_bearer_401" time="0.160" /><testcase classname="tests.test_agrawal_homeo_backend.TestUnauthorized" name="test_no_bearer_returns_401[GET-/files/mine]" time="0.135" /><testcase classname="tests.test_family_profiles.TestFamilyEndpointsAuth" name="test_patch_family_no_bearer_401" time="0.105" /><testcase classname="tests.test_agrawal_homeo_backend.TestUnauthorized" name="test_no_bearer_returns_401[GET-/doctor/patients]" time="0.207" /><testcase classname="tests.test_family_profiles.TestFamilyEndpointsAuth" name="test_delete_family_no_bearer_401" time="0.112" /><testcase classname="tests.test_family_profiles.TestFamilyEndpointsAuth" name="test_doctor_cannot_list_family_403" time="0.085" /><testcase classname="tests.test_agrawal_homeo_backend.TestAuthOtp" name="test_otp_request_returns_dev_otp" time="0.096" /><testcase classname="tests.test_family_profiles.TestFamilyEndpointsAuth" name="test_doctor_cannot_create_family_403" time="0.070" /><testcase classname="tests.test_agrawal_homeo_backend.TestAuthOtp" name="test_otp_verify_with_returned_otp_creates_user" time="0.154" /><testcase classname="tests.test_agrawal_homeo_backend.TestSession" name="test_me_with_token" time="0.101" /><testcase classname="tests.test_agrawal_homeo_backend.TestSession" name="test_me_without_token_401" time="0.100" /><testcase classname="tests.test_agrawal_homeo_backend.TestAuthOtp" name="test_otp_verify_invalid_otp_fails" time="0.127" /><testcase classname="tests.test_agrawal_homeo_backend.TestSession" name="test_me_with_bad_token_401" time="0.082" /><testcase classname="tests.test_agrawal_homeo_backend.TestAuthOtp" name="test_universal_otp_works" time="0.084" /><testcase classname="tests.test_agrawal_homeo_backend.TestSession" name="test_logout_invalidates" time="0.203" /><testcase classname="tests.test_agrawal_homeo_backend.TestDoctorPatients" name="test_doctor_patients_list" time="0.192"><failure message="assert 0 &gt;= 1">backend/tests/test_agrawal_homeo_backend.py:294: in test_doctor_patients_list
    assert me["files_count"] &gt;= 1
E   assert 0 &gt;= 1</failure></testcase><testcase classname="tests.test_agrawal_homeo_backend.TestDoctorPatients" name="test_doctor_patients_list_forbidden_for_patient" time="0.067" /><testcase classname="tests.test_agrawal_homeo_backend.TestDoctorPatients" name="test_doctor_patient_detail" time="0.087" /><testcase classname="tests.test_agrawal_homeo_backend.TestDoctorPatients" name="test_doctor_patient_detail_unknown_404" time="0.076" /><testcase classname="tests.test_msg91_otp.TestPhoneNormalization" name="test_bare_10_digit_gets_plus91" time="0.125" /><testcase classname="tests.test_chat_messages.TestChatValidation" name="test_empty_text_returns_400" time="0.410" /><testcase classname="tests.test_chat_messages.TestChatValidation" name="test_whitespace_only_returns_400" time="0.057" /><testcase classname="tests.test_msg91_otp.TestPhoneNormalization" name="test_double_zero_prefix_stripped" time="0.211" /><testcase classname="tests.test_chat_messages.TestChatValidation" name="test_too_long_returns_400" time="0.044" /><testcase classname="tests.test_chat_messages.TestChatValidation" name="test_2000_char_boundary_ok" time="0.049" /><testcase classname="tests.test_agrawal_homeo_backend.TestHealthAndContent" name="test_health" time="0.079" /><testcase classname="tests.test_agrawal_homeo_backend.TestHealthAndContent" name="test_site_content" time="0.043" /><testcase classname="tests.test_msg91_otp.TestPhoneNormalization" name="test_plus_prefix_retained" time="0.158" /><testcase classname="tests.test_agrawal_homeo_backend.TestHealthAndContent" name="test_list_doctors" time="0.096" /><testcase classname="tests.test_msg91_otp.TestPhoneNormalization" name="test_spaces_and_dashes_stripped" time="0.146" /><testcase classname="tests.test_family_profiles.TestAppointmentsWithFamily" name="test_appointment_with_family_member_populates_fields" time="0.215" /><testcase classname="tests.test_chat_messages.TestChatDoctorReply" name="test_doctor_posts_reply" time="0.405" /><testcase classname="tests.test_family_profiles.TestAppointmentsWithFamily" name="test_appointment_without_family_member_null_fields" time="0.149" /><testcase classname="tests.test_chat_messages.TestChatDoctorReply" name="test_patient_sees_unread_doctor_msg" time="0.048" /><testcase classname="tests.test_chat_messages.TestChatDoctorReply" name="test_patient_get_marks_doctor_msg_read" time="0.215" /><testcase classname="tests.test_family_profiles.TestAppointmentsWithFamily" name="test_appointment_with_unknown_family_member_404" time="0.127" /><testcase classname="tests.test_msg91_otp.TestInvalidPhone" name="test_letters_rejected_400" time="0.054" /><testcase classname="tests.test_msg91_otp.TestOtpVerifyPaths" name="test_verify_with_returned_otp_dev" time="0.119" /><testcase classname="tests.test_msg91_otp.TestInvalidPhone" name="test_too_short_rejected_400" time="0.083" /><testcase classname="tests.test_msg91_otp.TestOtpVerifyPaths" name="test_verify_universal_fallback_works" time="0.084" /><testcase classname="tests.test_msg91_otp.TestInvalidPhone" name="test_empty_string_rejected_400" time="0.053" /><testcase classname="tests.test_msg91_otp.TestOtpVerifyPaths" name="test_verify_wrong_otp_401" time="0.114" /><testcase classname="tests.test_chat_messages.TestChatReadMarking" name="test_doctor_get_marks_patient_msg_read" time="0.393"><failure message="assert 0 &gt;= 1&#10; +  where 0 = len([])&#10; +    where [] = json()&#10; +      where json = &lt;Response [200]&gt;.json">backend/tests/test_chat_messages.py:117: in test_doctor_get_marks_patient_msg_read
    assert len(r.json()) &gt;= 1
E   assert 0 &gt;= 1
E    +  where 0 = len([])
E    +    where [] = json()
E    +      where json = &lt;Response [200]&gt;.json</failure></testcase><testcase classname="tests.test_chat_messages.TestChatReadMarking" name="test_doctor_unread_zero_after_read" time="0.077" /><testcase classname="tests.test_chat_messages.TestChatUnreadCounts" name="test_unread_reflects_new_patient_messages_on_doctor_side" time="0.752" /><testcase classname="tests.test_family_profiles.TestFilesWithFamily" name="test_upload_with_family_member" time="0.700" /><testcase classname="tests.test_chat_messages.TestChatUnreadCounts" name="test_unread_reflects_new_doctor_messages_on_patient_side" time="0.315" /><testcase classname="tests.test_family_profiles.TestFilesWithFamily" name="test_upload_with_unknown_family_member_404" time="0.186" /><testcase classname="tests.test_family_profiles.TestDoctorPatientDetailFamily" name="test_patient_detail_includes_empty_family" time="0.129" /><testcase classname="tests.test_family_profiles.TestDoctorPatientDetailFamily" name="test_patient_detail_includes_family_members" time="0.220" /><testcase classname="tests.test_msg91_otp.TestOtpRequestDevProvider" name="test_request_returns_provider_dev" time="0.098" /><testcase classname="tests.test_msg91_otp.TestOtpRequestDevProvider" name="test_request_dev_message_mentions_fallback" time="0.052" /><testcase classname="tests.test_agrawal_homeo_backend.TestDoctorLogin" name="test_doctor_login_returns_existing_doctor" time="0.000" /><testcase classname="tests.test_msg91_otp.TestAuthMeAfterNormalization" name="test_me_after_bare_10_digit_login" time="0.245" /><testcase classname="tests.test_msg91_otp.TestAuthMeAfterNormalization" name="test_same_phone_two_formats_returns_same_user" time="0.119" /><testcase classname="tests.test_chat_messages.TestChatSendPatient" name="test_patient_posts_message" time="0.404" /><testcase classname="tests.test_reminders.TestRemindersOrdering" name="test_returned_sorted_by_remind_at_asc" time="0.293" /></testsuite></testsuites>