<?xml version="1.0" encoding="utf-8"?><testsuites name="pytest tests"><testsuite name="pytest" errors="0" failures="0" skipped="0" tests="75" time="8.595" timestamp="2026-09-17T06:38:44.394137+00:00" hostname="agent-env-c62597cb-bd0d-4621-8430-b81706fe5646"><testcase classname="tests.test_agrawal_homeo_backend.TestHealthAndContent" name="test_health" time="0.128" /><testcase classname="tests.test_agrawal_homeo_backend.TestHealthAndContent" name="test_site_content" time="0.048" /><testcase classname="tests.test_agrawal_homeo_backend.TestHealthAndContent" name="test_list_doctors" time="0.048" /><testcase classname="tests.test_agrawal_homeo_backend.TestAuthOtp" name="test_otp_request_returns_dev_otp" time="0.054" /><testcase classname="tests.test_agrawal_homeo_backend.TestAuthOtp" name="test_otp_verify_with_returned_otp_creates_user" time="0.093" /><testcase classname="tests.test_agrawal_homeo_backend.TestAuthOtp" name="test_otp_verify_invalid_otp_fails" time="0.043" /><testcase classname="tests.test_agrawal_homeo_backend.TestAuthOtp" name="test_universal_otp_works" time="0.084" /><testcase classname="tests.test_agrawal_homeo_backend.TestSession" name="test_me_with_token" time="0.246" /><testcase classname="tests.test_agrawal_homeo_backend.TestSession" name="test_me_without_token_401" time="0.101" /><testcase classname="tests.test_agrawal_homeo_backend.TestSession" name="test_me_with_bad_token_401" time="0.040" /><testcase classname="tests.test_agrawal_homeo_backend.TestSession" name="test_logout_invalidates" time="0.159" /><testcase classname="tests.test_agrawal_homeo_backend.TestDoctorLogin" name="test_doctor_login_returns_existing_doctor" time="0.084" /><testcase classname="tests.test_agrawal_homeo_backend.TestAppointments" name="test_create_appointment_patient" time="0.048" /><testcase classname="tests.test_agrawal_homeo_backend.TestAppointments" name="test_create_appointment_unknown_doctor_404" time="0.046" /><testcase classname="tests.test_agrawal_homeo_backend.TestAppointments" name="test_doctor_cannot_create_appointment_403" time="0.045" /><testcase classname="tests.test_agrawal_homeo_backend.TestAppointments" name="test_appointments_mine_patient" time="0.048" /><testcase classname="tests.test_agrawal_homeo_backend.TestAppointments" name="test_appointments_mine_doctor" time="0.044" /><testcase classname="tests.test_agrawal_homeo_backend.TestAppointments" name="test_get_appointment_permission" time="0.090" /><testcase classname="tests.test_agrawal_homeo_backend.TestAppointments" name="test_get_appointment_forbidden_for_other_patient" time="0.128" /><testcase classname="tests.test_agrawal_homeo_backend.TestAppointments" name="test_patch_appointment_doctor" time="0.051" /><testcase classname="tests.test_agrawal_homeo_backend.TestAppointments" name="test_patch_appointment_by_patient_forbidden" time="0.048" /><testcase classname="tests.test_agrawal_homeo_backend.TestFiles" name="test_upload_file_patient" time="0.423" /><testcase classname="tests.test_agrawal_homeo_backend.TestFiles" name="test_doctor_cannot_upload_403" time="0.082" /><testcase classname="tests.test_agrawal_homeo_backend.TestFiles" name="test_files_mine_patient" time="0.050" /><testcase classname="tests.test_agrawal_homeo_backend.TestFiles" name="test_files_mine_doctor_sees_all" time="0.065" /><testcase classname="tests.test_agrawal_homeo_backend.TestFiles" name="test_files_for_patient_doctor" time="0.075" /><testcase classname="tests.test_agrawal_homeo_backend.TestFiles" name="test_files_for_patient_not_allowed_for_patient" time="0.066" /><testcase classname="tests.test_agrawal_homeo_backend.TestFiles" name="test_file_content_owner" time="0.313" /><testcase classname="tests.test_agrawal_homeo_backend.TestFiles" name="test_file_content_doctor" time="0.272" /><testcase classname="tests.test_agrawal_homeo_backend.TestFiles" name="test_patch_file_reply_doctor" time="0.048" /><testcase classname="tests.test_agrawal_homeo_backend.TestFiles" name="test_patch_file_reply_by_patient_forbidden" time="0.082" /><testcase classname="tests.test_agrawal_homeo_backend.TestDoctorPatients" name="test_doctor_patients_list" time="0.095" /><testcase classname="tests.test_agrawal_homeo_backend.TestDoctorPatients" name="test_doctor_patients_list_forbidden_for_patient" time="0.044" /><testcase classname="tests.test_agrawal_homeo_backend.TestDoctorPatients" name="test_doctor_patient_detail" time="0.050" /><testcase classname="tests.test_agrawal_homeo_backend.TestDoctorPatients" name="test_doctor_patient_detail_unknown_404" time="0.046" /><testcase classname="tests.test_agrawal_homeo_backend.TestUnauthorized" name="test_no_bearer_returns_401[GET-/auth/me]" time="0.082" /><testcase classname="tests.test_agrawal_homeo_backend.TestUnauthorized" name="test_no_bearer_returns_401[POST-/appointments]" time="0.085" /><testcase classname="tests.test_agrawal_homeo_backend.TestUnauthorized" name="test_no_bearer_returns_401[GET-/appointments/mine]" time="0.078" /><testcase classname="tests.test_agrawal_homeo_backend.TestUnauthorized" name="test_no_bearer_returns_401[GET-/files/mine]" time="0.082" /><testcase classname="tests.test_agrawal_homeo_backend.TestUnauthorized" name="test_no_bearer_returns_401[GET-/doctor/patients]" time="0.074" /><testcase classname="tests.test_family_profiles.TestFamilyEndpointsAuth" name="test_list_family_no_bearer_401" time="0.083" /><testcase classname="tests.test_family_profiles.TestFamilyEndpointsAuth" name="test_post_family_no_bearer_401" time="0.081" /><testcase classname="tests.test_family_profiles.TestFamilyEndpointsAuth" name="test_patch_family_no_bearer_401" time="0.108" /><testcase classname="tests.test_family_profiles.TestFamilyEndpointsAuth" name="test_delete_family_no_bearer_401" time="0.081" /><testcase classname="tests.test_family_profiles.TestFamilyEndpointsAuth" name="test_doctor_cannot_list_family_403" time="0.044" /><testcase classname="tests.test_family_profiles.TestFamilyEndpointsAuth" name="test_doctor_cannot_create_family_403" time="0.044" /><testcase classname="tests.test_family_profiles.TestFamilyCRUD" name="test_list_family_initially_empty" time="0.129" /><testcase classname="tests.test_family_profiles.TestFamilyCRUD" name="test_create_family_generates_unique_uhid" time="0.252" /><testcase classname="tests.test_family_profiles.TestFamilyCRUD" name="test_multiple_family_members_have_distinct_uhids" time="0.205" /><testcase classname="tests.test_family_profiles.TestFamilyCRUD" name="test_patch_family_updates_fields" time="0.213" /><testcase classname="tests.test_family_profiles.TestFamilyCRUD" name="test_patch_family_unknown_id_404" time="0.092" /><testcase classname="tests.test_family_profiles.TestFamilyCRUD" name="test_patch_family_of_another_user_404" time="0.197" /><testcase classname="tests.test_family_profiles.TestFamilyCRUD" name="test_delete_family_removes_member" time="0.247" /><testcase classname="tests.test_family_profiles.TestFamilyCRUD" name="test_delete_family_unknown_404" time="0.095" /><testcase classname="tests.test_family_profiles.TestAppointmentsWithFamily" name="test_appointment_with_family_member_populates_fields" time="0.183" /><testcase classname="tests.test_family_profiles.TestAppointmentsWithFamily" name="test_appointment_without_family_member_null_fields" time="0.097" /><testcase classname="tests.test_family_profiles.TestAppointmentsWithFamily" name="test_appointment_with_unknown_family_member_404" time="0.091" /><testcase classname="tests.test_family_profiles.TestFilesWithFamily" name="test_upload_with_family_member" time="0.540" /><testcase classname="tests.test_family_profiles.TestFilesWithFamily" name="test_upload_with_unknown_family_member_404" time="0.132" /><testcase classname="tests.test_family_profiles.TestDoctorPatientDetailFamily" name="test_patient_detail_includes_empty_family" time="0.113" /><testcase classname="tests.test_family_profiles.TestDoctorPatientDetailFamily" name="test_patient_detail_includes_family_members" time="0.299" /><testcase classname="tests.test_msg91_otp.TestOtpRequestDevProvider" name="test_request_returns_provider_dev" time="0.045" /><testcase classname="tests.test_msg91_otp.TestOtpRequestDevProvider" name="test_request_dev_message_mentions_fallback" time="0.046" /><testcase classname="tests.test_msg91_otp.TestPhoneNormalization" name="test_bare_10_digit_gets_plus91" time="0.166" /><testcase classname="tests.test_msg91_otp.TestPhoneNormalization" name="test_double_zero_prefix_stripped" time="0.166" /><testcase classname="tests.test_msg91_otp.TestPhoneNormalization" name="test_plus_prefix_retained" time="0.166" /><testcase classname="tests.test_msg91_otp.TestPhoneNormalization" name="test_spaces_and_dashes_stripped" time="0.125" /><testcase classname="tests.test_msg91_otp.TestInvalidPhone" name="test_letters_rejected_400" time="0.081" /><testcase classname="tests.test_msg91_otp.TestInvalidPhone" name="test_too_short_rejected_400" time="0.083" /><testcase classname="tests.test_msg91_otp.TestInvalidPhone" name="test_empty_string_rejected_400" time="0.042" /><testcase classname="tests.test_msg91_otp.TestOtpVerifyPaths" name="test_verify_with_returned_otp_dev" time="0.132" /><testcase classname="tests.test_msg91_otp.TestOtpVerifyPaths" name="test_verify_universal_fallback_works" time="0.050" /><testcase classname="tests.test_msg91_otp.TestOtpVerifyPaths" name="test_verify_wrong_otp_401" time="0.096" /><testcase classname="tests.test_msg91_otp.TestAuthMeAfterNormalization" name="test_me_after_bare_10_digit_login" time="0.103" /><testcase classname="tests.test_msg91_otp.TestAuthMeAfterNormalization" name="test_same_phone_two_formats_returns_same_user" time="0.131" /></testsuite></testsuites>