<?xml version="1.0" encoding="utf-8"?><testsuites name="pytest tests"><testsuite name="pytest" errors="0" failures="0" skipped="0" tests="61" time="8.542" timestamp="2026-09-16T06:30:07.470722+00:00" hostname="agent-env-c62597cb-bd0d-4621-8430-b81706fe5646"><testcase classname="tests.test_agrawal_homeo_backend.TestHealthAndContent" name="test_health" time="0.124" /><testcase classname="tests.test_agrawal_homeo_backend.TestHealthAndContent" name="test_site_content" time="0.036" /><testcase classname="tests.test_agrawal_homeo_backend.TestHealthAndContent" name="test_list_doctors" time="0.072" /><testcase classname="tests.test_agrawal_homeo_backend.TestAuthOtp" name="test_otp_request_returns_dev_otp" time="0.078" /><testcase classname="tests.test_agrawal_homeo_backend.TestAuthOtp" name="test_otp_verify_with_returned_otp_creates_user" time="0.152" /><testcase classname="tests.test_agrawal_homeo_backend.TestAuthOtp" name="test_otp_verify_invalid_otp_fails" time="0.076" /><testcase classname="tests.test_agrawal_homeo_backend.TestAuthOtp" name="test_universal_otp_works" time="0.077" /><testcase classname="tests.test_agrawal_homeo_backend.TestSession" name="test_me_with_token" time="0.216" /><testcase classname="tests.test_agrawal_homeo_backend.TestSession" name="test_me_without_token_401" time="0.079" /><testcase classname="tests.test_agrawal_homeo_backend.TestSession" name="test_me_with_bad_token_401" time="0.031" /><testcase classname="tests.test_agrawal_homeo_backend.TestSession" name="test_logout_invalidates" time="0.221" /><testcase classname="tests.test_agrawal_homeo_backend.TestDoctorLogin" name="test_doctor_login_returns_existing_doctor" time="0.073" /><testcase classname="tests.test_agrawal_homeo_backend.TestAppointments" name="test_create_appointment_patient" time="0.078" /><testcase classname="tests.test_agrawal_homeo_backend.TestAppointments" name="test_create_appointment_unknown_doctor_404" time="0.076" /><testcase classname="tests.test_agrawal_homeo_backend.TestAppointments" name="test_doctor_cannot_create_appointment_403" time="0.072" /><testcase classname="tests.test_agrawal_homeo_backend.TestAppointments" name="test_appointments_mine_patient" time="0.077" /><testcase classname="tests.test_agrawal_homeo_backend.TestAppointments" name="test_appointments_mine_doctor" time="0.033" /><testcase classname="tests.test_agrawal_homeo_backend.TestAppointments" name="test_get_appointment_permission" time="0.153" /><testcase classname="tests.test_agrawal_homeo_backend.TestAppointments" name="test_get_appointment_forbidden_for_other_patient" time="0.152" /><testcase classname="tests.test_agrawal_homeo_backend.TestAppointments" name="test_patch_appointment_doctor" time="0.078" /><testcase classname="tests.test_agrawal_homeo_backend.TestAppointments" name="test_patch_appointment_by_patient_forbidden" time="0.074" /><testcase classname="tests.test_agrawal_homeo_backend.TestFiles" name="test_upload_file_patient" time="0.488" /><testcase classname="tests.test_agrawal_homeo_backend.TestFiles" name="test_doctor_cannot_upload_403" time="0.116" /><testcase classname="tests.test_agrawal_homeo_backend.TestFiles" name="test_files_mine_patient" time="0.039" /><testcase classname="tests.test_agrawal_homeo_backend.TestFiles" name="test_files_mine_doctor_sees_all" time="0.035" /><testcase classname="tests.test_agrawal_homeo_backend.TestFiles" name="test_files_for_patient_doctor" time="0.076" /><testcase classname="tests.test_agrawal_homeo_backend.TestFiles" name="test_files_for_patient_not_allowed_for_patient" time="0.072" /><testcase classname="tests.test_agrawal_homeo_backend.TestFiles" name="test_file_content_owner" time="0.316" /><testcase classname="tests.test_agrawal_homeo_backend.TestFiles" name="test_file_content_doctor" time="0.625" /><testcase classname="tests.test_agrawal_homeo_backend.TestFiles" name="test_patch_file_reply_doctor" time="0.077" /><testcase classname="tests.test_agrawal_homeo_backend.TestFiles" name="test_patch_file_reply_by_patient_forbidden" time="0.073" /><testcase classname="tests.test_agrawal_homeo_backend.TestDoctorPatients" name="test_doctor_patients_list" time="0.049" /><testcase classname="tests.test_agrawal_homeo_backend.TestDoctorPatients" name="test_doctor_patients_list_forbidden_for_patient" time="0.073" /><testcase classname="tests.test_agrawal_homeo_backend.TestDoctorPatients" name="test_doctor_patient_detail" time="0.078" /><testcase classname="tests.test_agrawal_homeo_backend.TestDoctorPatients" name="test_doctor_patient_detail_unknown_404" time="0.074" /><testcase classname="tests.test_agrawal_homeo_backend.TestUnauthorized" name="test_no_bearer_returns_401[GET-/auth/me]" time="0.084" /><testcase classname="tests.test_agrawal_homeo_backend.TestUnauthorized" name="test_no_bearer_returns_401[POST-/appointments]" time="0.108" /><testcase classname="tests.test_agrawal_homeo_backend.TestUnauthorized" name="test_no_bearer_returns_401[GET-/appointments/mine]" time="0.077" /><testcase classname="tests.test_agrawal_homeo_backend.TestUnauthorized" name="test_no_bearer_returns_401[GET-/files/mine]" time="0.078" /><testcase classname="tests.test_agrawal_homeo_backend.TestUnauthorized" name="test_no_bearer_returns_401[GET-/doctor/patients]" time="0.088" /><testcase classname="tests.test_family_profiles.TestFamilyEndpointsAuth" name="test_list_family_no_bearer_401" time="0.093" /><testcase classname="tests.test_family_profiles.TestFamilyEndpointsAuth" name="test_post_family_no_bearer_401" time="0.087" /><testcase classname="tests.test_family_profiles.TestFamilyEndpointsAuth" name="test_patch_family_no_bearer_401" time="0.072" /><testcase classname="tests.test_family_profiles.TestFamilyEndpointsAuth" name="test_delete_family_no_bearer_401" time="0.077" /><testcase classname="tests.test_family_profiles.TestFamilyEndpointsAuth" name="test_doctor_cannot_list_family_403" time="0.032" /><testcase classname="tests.test_family_profiles.TestFamilyEndpointsAuth" name="test_doctor_cannot_create_family_403" time="0.081" /><testcase classname="tests.test_family_profiles.TestFamilyCRUD" name="test_list_family_initially_empty" time="0.146" /><testcase classname="tests.test_family_profiles.TestFamilyCRUD" name="test_create_family_generates_unique_uhid" time="0.231" /><testcase classname="tests.test_family_profiles.TestFamilyCRUD" name="test_multiple_family_members_have_distinct_uhids" time="0.309" /><testcase classname="tests.test_family_profiles.TestFamilyCRUD" name="test_patch_family_updates_fields" time="0.238" /><testcase classname="tests.test_family_profiles.TestFamilyCRUD" name="test_patch_family_unknown_id_404" time="0.113" /><testcase classname="tests.test_family_profiles.TestFamilyCRUD" name="test_patch_family_of_another_user_404" time="0.279" /><testcase classname="tests.test_family_profiles.TestFamilyCRUD" name="test_delete_family_removes_member" time="0.303" /><testcase classname="tests.test_family_profiles.TestFamilyCRUD" name="test_delete_family_unknown_404" time="0.157" /><testcase classname="tests.test_family_profiles.TestAppointmentsWithFamily" name="test_appointment_with_family_member_populates_fields" time="0.224" /><testcase classname="tests.test_family_profiles.TestAppointmentsWithFamily" name="test_appointment_without_family_member_null_fields" time="0.150" /><testcase classname="tests.test_family_profiles.TestAppointmentsWithFamily" name="test_appointment_with_unknown_family_member_404" time="0.153" /><testcase classname="tests.test_family_profiles.TestFilesWithFamily" name="test_upload_with_family_member" time="0.528" /><testcase classname="tests.test_family_profiles.TestFilesWithFamily" name="test_upload_with_unknown_family_member_404" time="0.157" /><testcase classname="tests.test_family_profiles.TestDoctorPatientDetailFamily" name="test_patient_detail_includes_empty_family" time="0.105" /><testcase classname="tests.test_family_profiles.TestDoctorPatientDetailFamily" name="test_patient_detail_includes_family_members" time="0.299" /></testsuite></testsuites>