<?xml version="1.0" encoding="utf-8"?><testsuites name="pytest tests"><testsuite name="pytest" errors="0" failures="0" skipped="0" tests="40" time="3.800" timestamp="2026-09-16T06:16:50.253105+00:00" hostname="agent-env-c62597cb-bd0d-4621-8430-b81706fe5646"><testcase classname="tests.test_agrawal_homeo_backend.TestHealthAndContent" name="test_health" time="0.171" /><testcase classname="tests.test_agrawal_homeo_backend.TestHealthAndContent" name="test_site_content" time="0.087" /><testcase classname="tests.test_agrawal_homeo_backend.TestHealthAndContent" name="test_list_doctors" time="0.054" /><testcase classname="tests.test_agrawal_homeo_backend.TestAuthOtp" name="test_otp_request_returns_dev_otp" time="0.062" /><testcase classname="tests.test_agrawal_homeo_backend.TestAuthOtp" name="test_otp_verify_with_returned_otp_creates_user" time="0.112" /><testcase classname="tests.test_agrawal_homeo_backend.TestAuthOtp" name="test_otp_verify_invalid_otp_fails" time="0.048" /><testcase classname="tests.test_agrawal_homeo_backend.TestAuthOtp" name="test_universal_otp_works" time="0.083" /><testcase classname="tests.test_agrawal_homeo_backend.TestSession" name="test_me_with_token" time="0.148" /><testcase classname="tests.test_agrawal_homeo_backend.TestSession" name="test_me_without_token_401" time="0.105" /><testcase classname="tests.test_agrawal_homeo_backend.TestSession" name="test_me_with_bad_token_401" time="0.059" /><testcase classname="tests.test_agrawal_homeo_backend.TestSession" name="test_logout_invalidates" time="0.147" /><testcase classname="tests.test_agrawal_homeo_backend.TestDoctorLogin" name="test_doctor_login_returns_existing_doctor" time="0.046" /><testcase classname="tests.test_agrawal_homeo_backend.TestAppointments" name="test_create_appointment_patient" time="0.053" /><testcase classname="tests.test_agrawal_homeo_backend.TestAppointments" name="test_create_appointment_unknown_doctor_404" time="0.048" /><testcase classname="tests.test_agrawal_homeo_backend.TestAppointments" name="test_doctor_cannot_create_appointment_403" time="0.045" /><testcase classname="tests.test_agrawal_homeo_backend.TestAppointments" name="test_appointments_mine_patient" time="0.056" /><testcase classname="tests.test_agrawal_homeo_backend.TestAppointments" name="test_appointments_mine_doctor" time="0.043" /><testcase classname="tests.test_agrawal_homeo_backend.TestAppointments" name="test_get_appointment_permission" time="0.126" /><testcase classname="tests.test_agrawal_homeo_backend.TestAppointments" name="test_get_appointment_forbidden_for_other_patient" time="0.100" /><testcase classname="tests.test_agrawal_homeo_backend.TestAppointments" name="test_patch_appointment_doctor" time="0.048" /><testcase classname="tests.test_agrawal_homeo_backend.TestAppointments" name="test_patch_appointment_by_patient_forbidden" time="0.045" /><testcase classname="tests.test_agrawal_homeo_backend.TestFiles" name="test_upload_file_patient" time="0.417" /><testcase classname="tests.test_agrawal_homeo_backend.TestFiles" name="test_doctor_cannot_upload_403" time="0.141" /><testcase classname="tests.test_agrawal_homeo_backend.TestFiles" name="test_files_mine_patient" time="0.051" /><testcase classname="tests.test_agrawal_homeo_backend.TestFiles" name="test_files_mine_doctor_sees_all" time="0.042" /><testcase classname="tests.test_agrawal_homeo_backend.TestFiles" name="test_files_for_patient_doctor" time="0.046" /><testcase classname="tests.test_agrawal_homeo_backend.TestFiles" name="test_files_for_patient_not_allowed_for_patient" time="0.048" /><testcase classname="tests.test_agrawal_homeo_backend.TestFiles" name="test_file_content_owner" time="0.332" /><testcase classname="tests.test_agrawal_homeo_backend.TestFiles" name="test_file_content_doctor" time="0.256" /><testcase classname="tests.test_agrawal_homeo_backend.TestFiles" name="test_patch_file_reply_doctor" time="0.063" /><testcase classname="tests.test_agrawal_homeo_backend.TestFiles" name="test_patch_file_reply_by_patient_forbidden" time="0.054" /><testcase classname="tests.test_agrawal_homeo_backend.TestDoctorPatients" name="test_doctor_patients_list" time="0.061" /><testcase classname="tests.test_agrawal_homeo_backend.TestDoctorPatients" name="test_doctor_patients_list_forbidden_for_patient" time="0.047" /><testcase classname="tests.test_agrawal_homeo_backend.TestDoctorPatients" name="test_doctor_patient_detail" time="0.045" /><testcase classname="tests.test_agrawal_homeo_backend.TestDoctorPatients" name="test_doctor_patient_detail_unknown_404" time="0.056" /><testcase classname="tests.test_agrawal_homeo_backend.TestUnauthorized" name="test_no_bearer_returns_401[GET-/auth/me]" time="0.077" /><testcase classname="tests.test_agrawal_homeo_backend.TestUnauthorized" name="test_no_bearer_returns_401[POST-/appointments]" time="0.106" /><testcase classname="tests.test_agrawal_homeo_backend.TestUnauthorized" name="test_no_bearer_returns_401[GET-/appointments/mine]" time="0.075" /><testcase classname="tests.test_agrawal_homeo_backend.TestUnauthorized" name="test_no_bearer_returns_401[GET-/files/mine]" time="0.073" /><testcase classname="tests.test_agrawal_homeo_backend.TestUnauthorized" name="test_no_bearer_returns_401[GET-/doctor/patients]" time="0.087" /></testsuite></testsuites>